Arguments: 
  C:\Program Files\nodejs\node.exe C:\Users\jonat\AppData\Roaming\npm\node_modules\yarn\bin\yarn.js

PATH: 
  C:\Program Files\Common Files\Oracle\Java\javapath;C:\WINDOWS\system32;C:\WINDOWS;C:\WINDOWS\System32\Wbem;C:\WINDOWS\System32\WindowsPowerShell\v1.0\;C:\WINDOWS\System32\OpenSSH\;C:\Program Files\Git\cmd;C:\WINDOWS\system32;C:\WINDOWS;C:\WINDOWS\System32\Wbem;C:\Users\jonat\AppData\Local\Microsoft\WindowsApps;C:\Users\jonat\AppData\Local\Programs\Microsoft VS Code\bin;C:\Users\jonat\AppData\Roaming\npm;C:\adb;C:\Users\jonat\AppData\Local\Android\Sdk;C:\Users\jonat\AppData\Local\Android\Sdk\platform-tools;C:\Program Files\Java\jdk-16.0.2\bin;C:\Program Files\nodejs\;C:\Users\jonat\AppData\Local\Microsoft\WindowsApps;C:\Users\jonat\AppData\Local\Programs\Microsoft VS Code\bin;C:\Users\jonat\AppData\Roaming\npm

Yarn version: 
  1.22.11

Node version: 
  14.17.4

Platform: 
  win32 x64

Trace: 
  Error: connect EHOSTUNREACH 104.16.16.35:443
      at TCPConnectWrap.afterConnect [as oncomplete] (net.js:1148:16)

npm manifest: 
  {
    "main": "node_modules/expo/AppEntry.js",
    "scripts": {
      "start": "kill -9 $(lsof -t -i:3000) & node index.js & expo start",
      "android": "expo start --android",
      "ios": "expo start --ios",
      "web": "expo start --web",
      "eject": "expo eject"
    },
    "dependencies": {
      "@react-native-community/masked-view": "^0.1.10",
      "@react-navigation/native": "^5.7.0",
      "@react-navigation/stack": "^5.7.0",
      "body-parser": "^1.19.0",
      "cors": "^2.8.5",
      "expo": "^38.0.9",
      "expo-cli": "^3.24.0",
      "expo-status-bar": "^1.0.2",
      "express": "^4.17.1",
      "mongodb": "^3.6.0",
      "mongoose": "^5.10.0",
      "react": "~16.11.0",
      "react-dom": "~16.11.0",
      "react-native": "https://github.com/expo/react-native/archive/sdk-38.0.2.tar.gz",
      "react-native-elements": "^2.0.4",
      "react-native-gesture-handler": "^1.6.1",
      "react-native-reanimated": "^1.9.0",
      "react-native-safe-area-context": "^3.0.7",
      "react-native-screens": "^2.9.0",
      "react-native-web": "~0.11.7"
    },
    "devDependencies": {
      "@babel/core": "^7.8.6",
      "@types/react": "~16.9.41",
      "@types/react-native": "~0.62.13",
      "typescript": "~3.9.5"
    },
    "private": true
  }

yarn manifest: 
  No manifest

Lockfile: 
  No lockfile
